This is pdfTeX, Version 3.14159265-2.6-1.40.21 (MiKTeX 20.10) (preloaded format=pdflatex 2020.10.18)  31 DEC 2020 00:52
entering extended mode
**"c:/Users/emiel/Documents/MSc Systems and Control/Core/Control Engineering/sc42095/tex/main.tex"
("c:/Users/emiel/Documents/MSc Systems and Control/Core/Control Engineering/sc42095/tex/main.tex"
LaTeX2e <2020-10-01> patch level 1
L3 programming layer <2020-10-05> xparse <2020-03-03> (C:\Users\emiel\AppData\Local\Programs\MiKTeX\tex/latex/base\article.cls
Document Class: article 2020/04/10 v1.4m Standard LaTeX document class
(C:\Users\emiel\AppData\Local\Programs\MiKTeX\tex/latex/base\size10.clo
File: size10.clo 2020/04/10 v1.4m Standard LaTeX file (size option)
)
\c@part=\count175
\c@section=\count176
\c@subsection=\count177
\c@subsubsection=\count178
\c@paragraph=\count179
\c@subparagraph=\count180
\c@figure=\count181
\c@table=\count182
\abovecaptionskip=\skip47
\belowcaptionskip=\skip48
\bibindent=\dimen138
) (C:\Users\emiel\AppData\Local\Programs\MiKTeX\tex/latex/geometry\geometry.sty
Package: geometry 2020/01/02 v5.9 Page Geometry
 (C:\Users\emiel\AppData\Local\Programs\MiKTeX\tex/latex/graphics\keyval.sty
Package: keyval 2014/10/28 v1.15 key=value parser (DPC)
\KV@toks@=\toks15
) (C:\Users\emiel\AppData\Local\Programs\MiKTeX\tex/generic/iftex\ifvtex.sty
Package: ifvtex 2019/10/25 v1.7 ifvtex legacy package. Use iftex instead.
 (C:\Users\emiel\AppData\Local\Programs\MiKTeX\tex/generic/iftex\iftex.sty
Package: iftex 2020/03/06 v1.0d TeX engine tests
))
\Gm@cnth=\count183
\Gm@cntv=\count184
\c@Gm@tempcnt=\count185
\Gm@bindingoffset=\dimen139
\Gm@wd@mp=\dimen140
\Gm@odd@mp=\dimen141
\Gm@even@mp=\dimen142
\Gm@layoutwidth=\dimen143
\Gm@layoutheight=\dimen144
\Gm@layouthoffset=\dimen145
\Gm@layoutvoffset=\dimen146
\Gm@dimlist=\toks16
 (C:\Users\emiel\AppData\Local\Programs\MiKTeX\tex/latex/geometry\geometry.cfg)) (C:\Users\emiel\AppData\Local\Programs\MiKTeX\tex/latex/biblatex\biblatex.sty
Package: biblatex 2020/08/23 v3.15a programmable bibliographies (PK/MW)
 (C:\Users\emiel\AppData\Local\Programs\MiKTeX\tex/generic/pdftexcmds\pdftexcmds.sty
Package: pdftexcmds 2020-06-27 v0.33 Utility functions of pdfTeX for LuaTeX (HO)
 (C:\Users\emiel\AppData\Local\Programs\MiKTeX\tex/generic/infwarerr\infwarerr.sty
Package: infwarerr 2019/12/03 v1.5 Providing info/warning/error messages (HO)
) (C:\Users\emiel\AppData\Local\Programs\MiKTeX\tex/generic/ltxcmds\ltxcmds.sty
Package: ltxcmds 2020-05-10 v1.25 LaTeX kernel commands for general use (HO)
)
Package pdftexcmds Info: \pdf@primitive is available.
Package pdftexcmds Info: \pdf@ifprimitive is available.
Package pdftexcmds Info: \pdfdraftmode found.
) (C:\Users\emiel\AppData\Local\Programs\MiKTeX\tex/latex/etoolbox\etoolbox.sty
Package: etoolbox 2020/10/05 v2.5k e-TeX tools for LaTeX (JAW)
\etb@tempcnta=\count186
) (C:\Users\emiel\AppData\Local\Programs\MiKTeX\tex/latex/kvoptions\kvoptions.sty
Package: kvoptions 2019/11/29 v3.13 Key value format for package options (HO)
 (C:\Users\emiel\AppData\Local\Programs\MiKTeX\tex/generic/kvsetkeys\kvsetkeys.sty
Package: kvsetkeys 2019/12/15 v1.18 Key value parser (HO)
)) (C:\Users\emiel\AppData\Local\Programs\MiKTeX\tex/latex/logreq\logreq.sty
Package: logreq 2010/08/04 v1.0 xml request logger
\lrq@indent=\count187
 (C:\Users\emiel\AppData\Local\Programs\MiKTeX\tex/latex/logreq\logreq.def
File: logreq.def 2010/08/04 v1.0 logreq spec v1.0
)) (C:\Users\emiel\AppData\Local\Programs\MiKTeX\tex/latex/base\ifthen.sty
Package: ifthen 2014/09/29 v1.1c Standard LaTeX ifthen package (DPC)
) (C:\Users\emiel\AppData\Local\Programs\MiKTeX\tex/latex/url\url.sty
\Urlmuskip=\muskip16
Package: url 2013/09/16  ver 3.4  Verb mode for urls, etc.
)
\c@tabx@nest=\count188
\c@listtotal=\count189
\c@listcount=\count190
\c@liststart=\count191
\c@liststop=\count192
\c@citecount=\count193
\c@citetotal=\count194
\c@multicitecount=\count195
\c@multicitetotal=\count196
\c@instcount=\count197
\c@maxnames=\count198
\c@minnames=\count199
\c@maxitems=\count266
\c@minitems=\count267
\c@citecounter=\count268
\c@maxcitecounter=\count269
\c@savedcitecounter=\count270
\c@uniquelist=\count271
\c@uniquename=\count272
\c@refsection=\count273
\c@refsegment=\count274
\c@maxextratitle=\count275
\c@maxextratitleyear=\count276
\c@maxextraname=\count277
\c@maxextradate=\count278
\c@maxextraalpha=\count279
\c@abbrvpenalty=\count280
\c@highnamepenalty=\count281
\c@lownamepenalty=\count282
\c@maxparens=\count283
\c@parenlevel=\count284
\blx@tempcnta=\count285
\blx@tempcntb=\count286
\blx@tempcntc=\count287
\blx@maxsection=\count288
\blx@maxsegment@0=\count289
\blx@notetype=\count290
\blx@parenlevel@text=\count291
\blx@parenlevel@foot=\count292
\blx@sectionciteorder@0=\count293
\blx@entrysetcounter=\count294
\blx@biblioinstance=\count295
\labelnumberwidth=\skip49
\labelalphawidth=\skip50
\biblabelsep=\skip51
\bibitemsep=\skip52
\bibnamesep=\skip53
\bibinitsep=\skip54
\bibparsep=\skip55
\bibhang=\skip56
\blx@bcfin=\read2
\blx@bcfout=\write3
\blx@langwohyphens=\language79
\c@mincomprange=\count296
\c@maxcomprange=\count297
\c@mincompwidth=\count298
Package biblatex Info: Trying to load biblatex default data model...
Package biblatex Info: ... file 'blx-dm.def' found.
 (C:\Users\emiel\AppData\Local\Programs\MiKTeX\tex/latex/biblatex\blx-dm.def
File: blx-dm.def 2020/08/23 v3.15a biblatex localization (PK/MW)
)
Package biblatex Info: Trying to load biblatex custom data model...
Package biblatex Info: ... file 'biblatex-dm.cfg' not found.
\c@afterword=\count299
\c@savedafterword=\count300
\c@annotator=\count301
\c@savedannotator=\count302
\c@author=\count303
\c@savedauthor=\count304
\c@bookauthor=\count305
\c@savedbookauthor=\count306
\c@commentator=\count307
\c@savedcommentator=\count308
\c@editor=\count309
\c@savededitor=\count310
\c@editora=\count311
\c@savededitora=\count312
\c@editorb=\count313
\c@savededitorb=\count314
\c@editorc=\count315
\c@savededitorc=\count316
\c@foreword=\count317
\c@savedforeword=\count318
\c@holder=\count319
\c@savedholder=\count320
\c@introduction=\count321
\c@savedintroduction=\count322
\c@namea=\count323
\c@savednamea=\count324
\c@nameb=\count325
\c@savednameb=\count326
\c@namec=\count327
\c@savednamec=\count328
\c@translator=\count329
\c@savedtranslator=\count330
\c@shortauthor=\count331
\c@savedshortauthor=\count332
\c@shorteditor=\count333
\c@savedshorteditor=\count334
\c@labelname=\count335
\c@savedlabelname=\count336
\c@institution=\count337
\c@savedinstitution=\count338
\c@lista=\count339
\c@savedlista=\count340
\c@listb=\count341
\c@savedlistb=\count342
\c@listc=\count343
\c@savedlistc=\count344
\c@listd=\count345
\c@savedlistd=\count346
\c@liste=\count347
\c@savedliste=\count348
\c@listf=\count349
\c@savedlistf=\count350
\c@location=\count351
\c@savedlocation=\count352
\c@organization=\count353
\c@savedorganization=\count354
\c@origlocation=\count355
\c@savedoriglocation=\count356
\c@origpublisher=\count357
\c@savedorigpublisher=\count358
\c@publisher=\count359
\c@savedpublisher=\count360
\c@language=\count361
\c@savedlanguage=\count362
\c@origlanguage=\count363
\c@savedoriglanguage=\count364
\c@pageref=\count365
\c@savedpageref=\count366
\shorthandwidth=\skip57
\shortjournalwidth=\skip58
\shortserieswidth=\skip59
\shorttitlewidth=\skip60
\shortauthorwidth=\skip61
\shorteditorwidth=\skip62
\locallabelnumberwidth=\skip63
\locallabelalphawidth=\skip64
\localshorthandwidth=\skip65
\localshortjournalwidth=\skip66
\localshortserieswidth=\skip67
\localshorttitlewidth=\skip68
\localshortauthorwidth=\skip69
\localshorteditorwidth=\skip70
Package biblatex Info: Trying to load compatibility code...
Package biblatex Info: ... file 'blx-compat.def' found.
 (C:\Users\emiel\AppData\Local\Programs\MiKTeX\tex/latex/biblatex\blx-compat.def
File: blx-compat.def 2020/08/23 v3.15a biblatex compatibility (PK/MW)
) (C:\Users\emiel\AppData\Local\Programs\MiKTeX\tex/latex/l3kernel\expl3.sty
Package: expl3 2020-10-05 L3 programming layer (loader) 
 (C:\Users\emiel\AppData\Local\Programs\MiKTeX\tex/latex/l3backend\l3backend-pdftex.def
File: l3backend-pdftex.def 2020-09-24 L3 backend support: PDF output (pdfTeX)
\l__kernel_color_stack_int=\count367
\l__pdf_internal_box=\box47
))
Package biblatex Info: expl3
(biblatex)             2020-10-05 L3 programming layer (loader) 
(biblatex)             is new enough (at least 2020/04/06),
(biblatex)             setting 'casechanger=expl3'.
Package biblatex Info: Trying to load expl3 case changing code...
Package biblatex Info: ... file 'blx-case-expl3.def' found.
 (C:\Users\emiel\AppData\Local\Programs\MiKTeX\tex/latex/biblatex\blx-case-expl3.def (C:\Users\emiel\AppData\Local\Programs\MiKTeX\tex/latex/l3packages/xparse\xparse.sty
Package: xparse 2020-10-05 L3 Experimental document command parser
 (C:\Users\emiel\AppData\Local\Programs\MiKTeX\tex/latex/l3packages/xparse\xparse-generic.tex))
File: blx-case-expl3 2020/08/23 v3.15a expl3 case changing code for biblatex
)
Package biblatex Info: Trying to load generic definitions...
Package biblatex Info: ... file 'biblatex.def' found.
 (C:\Users\emiel\AppData\Local\Programs\MiKTeX\tex/latex/biblatex\biblatex.def
File: biblatex.def 2020/08/23 v3.15a biblatex compatibility (PK/MW)
\c@textcitecount=\count368
\c@textcitetotal=\count369
\c@textcitemaxnames=\count370
\c@biburlbigbreakpenalty=\count371
\c@biburlbreakpenalty=\count372
\c@biburlnumpenalty=\count373
\c@biburlucpenalty=\count374
\c@biburllcpenalty=\count375
\biburlbigskip=\muskip17
\biburlnumskip=\muskip18
\biburlucskip=\muskip19
\biburllcskip=\muskip20
\c@smartand=\count376
)
Package biblatex Info: Trying to load bibliography style 'numeric'...
Package biblatex Info: ... file 'numeric.bbx' found.
 (C:\Users\emiel\AppData\Local\Programs\MiKTeX\tex/latex/biblatex/bbx\numeric.bbx
File: numeric.bbx 2020/08/23 v3.15a biblatex bibliography style (PK/MW)
Package biblatex Info: Trying to load bibliography style 'standard'...
Package biblatex Info: ... file 'standard.bbx' found.
 (C:\Users\emiel\AppData\Local\Programs\MiKTeX\tex/latex/biblatex/bbx\standard.bbx
File: standard.bbx 2020/08/23 v3.15a biblatex bibliography style (PK/MW)
\c@bbx:relatedcount=\count377
\c@bbx:relatedtotal=\count378
))
Package biblatex Info: Trying to load citation style 'numeric'...
Package biblatex Info: ... file 'numeric.cbx' found.
 (C:\Users\emiel\AppData\Local\Programs\MiKTeX\tex/latex/biblatex/cbx\numeric.cbx
File: numeric.cbx 2020/08/23 v3.15a biblatex citation style (PK/MW)
Package biblatex Info: Redefining '\cite'.
Package biblatex Info: Redefining '\parencite'.
Package biblatex Info: Redefining '\footcite'.
Package biblatex Info: Redefining '\footcitetext'.
Package biblatex Info: Redefining '\smartcite'.
Package biblatex Info: Redefining '\supercite'.
Package biblatex Info: Redefining '\textcite'.
Package biblatex Info: Redefining '\textcites'.
Package biblatex Info: Redefining '\cites'.
Package biblatex Info: Redefining '\parencites'.
Package biblatex Info: Redefining '\smartcites'.
)
Package biblatex Info: Trying to load configuration file...
Package biblatex Info: ... file 'biblatex.cfg' found.
 (C:\Users\emiel\AppData\Local\Programs\MiKTeX\tex/latex/biblatex\biblatex.cfg
File: biblatex.cfg 
)) (C:\Users\emiel\AppData\Local\Programs\MiKTeX\tex/latex/psfrag\psfrag.sty
Package: psfrag 1998/04/11 v3.04 PSfrag (MCG)
 (C:\Users\emiel\AppData\Local\Programs\MiKTeX\tex/latex/graphics\graphics.sty
Package: graphics 2020/08/30 v1.4c Standard LaTeX Graphics (DPC,SPQR)
 (C:\Users\emiel\AppData\Local\Programs\MiKTeX\tex/latex/graphics\trig.sty
Package: trig 2016/01/03 v1.10 sin cos tan (DPC)
) (C:\Users\emiel\AppData\Local\Programs\MiKTeX\tex/latex/graphics-cfg\graphics.cfg
File: graphics.cfg 2016/06/04 v1.11 sample graphics configuration
)
Package graphics Info: Driver file: pdftex.def on input line 105.
 (C:\Users\emiel\AppData\Local\Programs\MiKTeX\tex/latex/graphics-def\pdftex.def
File: pdftex.def 2020/10/05 v1.2a Graphics/color driver for pdftex
))
\pfg@pcount=\count379
\pfg@scount=\count380
\pfg@temp=\write4
) (C:\Users\emiel\AppData\Local\Programs\MiKTeX\tex/latex/amsmath\amsmath.sty
Package: amsmath 2020/09/23 v2.17i AMS math features
\@mathmargin=\skip71

For additional information on amsmath, use the `?' option.
(C:\Users\emiel\AppData\Local\Programs\MiKTeX\tex/latex/amsmath\amstext.sty
Package: amstext 2000/06/29 v2.01 AMS text
 (C:\Users\emiel\AppData\Local\Programs\MiKTeX\tex/latex/amsmath\amsgen.sty
File: amsgen.sty 1999/11/30 v2.0 generic functions
\@emptytoks=\toks17
\ex@=\dimen147
)) (C:\Users\emiel\AppData\Local\Programs\MiKTeX\tex/latex/amsmath\amsbsy.sty
Package: amsbsy 1999/11/29 v1.2d Bold Symbols
\pmbraise@=\dimen148
) (C:\Users\emiel\AppData\Local\Programs\MiKTeX\tex/latex/amsmath\amsopn.sty
Package: amsopn 2016/03/08 v2.02 operator names
)
\inf@bad=\count381
LaTeX Info: Redefining \frac on input line 234.
\uproot@=\count382
\leftroot@=\count383
LaTeX Info: Redefining \overline on input line 399.
\classnum@=\count384
\DOTSCASE@=\count385
LaTeX Info: Redefining \ldots on input line 496.
LaTeX Info: Redefining \dots on input line 499.
LaTeX Info: Redefining \cdots on input line 620.
\Mathstrutbox@=\box48
\strutbox@=\box49
\big@size=\dimen149
LaTeX Font Info:    Redeclaring font encoding OML on input line 743.
LaTeX Font Info:    Redeclaring font encoding OMS on input line 744.
\macc@depth=\count386
\c@MaxMatrixCols=\count387
\dotsspace@=\muskip21
\c@parentequation=\count388
\dspbrk@lvl=\count389
\tag@help=\toks18
\row@=\count390
\column@=\count391
\maxfields@=\count392
\andhelp@=\toks19
\eqnshift@=\dimen150
\alignsep@=\dimen151
\tagshift@=\dimen152
\tagwidth@=\dimen153
\totwidth@=\dimen154
\lineht@=\dimen155
\@envbody=\toks20
\multlinegap=\skip72
\multlinetaggap=\skip73
\mathdisplay@stack=\toks21
LaTeX Info: Redefining \[ on input line 2923.
LaTeX Info: Redefining \] on input line 2924.
) (C:\Users\emiel\AppData\Local\Programs\MiKTeX\tex/latex/amsfonts\amssymb.sty
Package: amssymb 2013/01/14 v3.01 AMS font symbols
 (C:\Users\emiel\AppData\Local\Programs\MiKTeX\tex/latex/amsfonts\amsfonts.sty
Package: amsfonts 2013/01/14 v3.01 Basic AMSFonts support
\symAMSa=\mathgroup4
\symAMSb=\mathgroup5
LaTeX Font Info:    Redeclaring math symbol \hbar on input line 98.
LaTeX Font Info:    Overwriting math alphabet `\mathfrak' in version `bold'
(Font)                  U/euf/m/n --> U/euf/b/n on input line 106.
)) (C:\Users\emiel\AppData\Local\Programs\MiKTeX\tex/latex/bbm\bbm.sty
Package: bbm 1999/03/15 V 1.2 provides fonts for set symbols - TH
LaTeX Font Info:    Overwriting math alphabet `\mathbbm' in version `bold'
(Font)                  U/bbm/m/n --> U/bbm/bx/n on input line 33.
LaTeX Font Info:    Overwriting math alphabet `\mathbbmss' in version `bold'
(Font)                  U/bbmss/m/n --> U/bbmss/bx/n on input line 35.
) (C:\Users\emiel\AppData\Local\Programs\MiKTeX\tex/latex/units\nicefrac.sty
Package: nicefrac 1998/08/04 v0.9b Nice fractions
\L@UnitsRaiseDisplaystyle=\skip74
\L@UnitsRaiseTextstyle=\skip75
\L@UnitsRaiseScriptstyle=\skip76
) (C:\Users\emiel\AppData\Local\Programs\MiKTeX\tex/latex/mathtools\mathtools.sty
Package: mathtools 2020/03/24 v1.24 mathematical typesetting tools
 (C:\Users\emiel\AppData\Local\Programs\MiKTeX\tex/latex/tools\calc.sty
Package: calc 2017/05/25 v4.3 Infix arithmetic (KKT,FJ)
\calc@Acount=\count393
\calc@Bcount=\count394
\calc@Adimen=\dimen156
\calc@Bdimen=\dimen157
\calc@Askip=\skip77
\calc@Bskip=\skip78
LaTeX Info: Redefining \setlength on input line 80.
LaTeX Info: Redefining \addtolength on input line 81.
\calc@Ccount=\count395
\calc@Cskip=\skip79
) (C:\Users\emiel\AppData\Local\Programs\MiKTeX\tex/latex/mathtools\mhsetup.sty
Package: mhsetup 2017/03/31 v1.3 programming setup (MH)
)
LaTeX Info: Thecontrolsequence`\('isalreadyrobust on input line 130.
LaTeX Info: Thecontrolsequence`\)'isalreadyrobust on input line 130.
LaTeX Info: Thecontrolsequence`\['isalreadyrobust on input line 130.
LaTeX Info: Thecontrolsequence`\]'isalreadyrobust on input line 130.
\g_MT_multlinerow_int=\count396
\l_MT_multwidth_dim=\dimen158
\origjot=\skip80
\l_MT_shortvdotswithinadjustabove_dim=\dimen159
\l_MT_shortvdotswithinadjustbelow_dim=\dimen160
\l_MT_above_intertext_sep=\dimen161
\l_MT_below_intertext_sep=\dimen162
\l_MT_above_shortintertext_sep=\dimen163
\l_MT_below_shortintertext_sep=\dimen164
\xmathstrut@box=\box50
\xmathstrut@dim=\dimen165
) (C:\Users\emiel\AppData\Local\Programs\MiKTeX\tex/latex/lipsum\lipsum.sty
Package: lipsum 2019/01/02 v2.2 150 paragraphs of Lorem Ipsum dummy text
 (C:\Users\emiel\AppData\Local\Programs\MiKTeX\tex/latex/lipsum\lipsum.ltd.tex
File: lipsum.ltd.tex 2019/01/02 v2.2 The Lorem ipsum dummy text
)) (C:\Users\emiel\AppData\Local\Programs\MiKTeX\tex/latex/amscls\amsthm.sty
Package: amsthm 2020/05/29 v2.20.6
\thm@style=\toks22
\thm@bodyfont=\toks23
\thm@headfont=\toks24
\thm@notefont=\toks25
\thm@headpunct=\toks26
\thm@preskip=\skip81
\thm@postskip=\skip82
\thm@headsep=\skip83
\dth@everypar=\toks27
) (C:\Users\emiel\AppData\Local\Programs\MiKTeX\tex/latex/tools\array.sty
Package: array 2019/08/31 v2.4l Tabular extension package (FMi)
\col@sep=\dimen166
\ar@mcellbox=\box51
\extrarowheight=\dimen167
\NC@list=\toks28
\extratabsurround=\skip84
\backup@length=\skip85
\ar@cellbox=\box52
) (C:\Users\emiel\AppData\Local\Programs\MiKTeX\tex/latex/base\latexsym.sty
Package: latexsym 1998/08/17 v2.2e Standard LaTeX package (lasy symbols)
\symlasy=\mathgroup6
LaTeX Font Info:    Overwriting symbol font `lasy' in version `bold'
(Font)                  U/lasy/m/n --> U/lasy/b/n on input line 52.
) (C:\Users\emiel\AppData\Local\Programs\MiKTeX\tex/latex/graphics\graphicx.sty
Package: graphicx 2020/09/09 v1.2b Enhanced LaTeX Graphics (DPC,SPQR)
\Gin@req@height=\dimen168
\Gin@req@width=\dimen169
) (C:\Users\emiel\AppData\Local\Programs\MiKTeX\tex/latex/base\textcomp.sty
Package: textcomp 2020/02/02 v2.0n Standard LaTeX package
) (C:\Users\emiel\AppData\Local\Programs\MiKTeX\tex/latex/framed\framed.sty
Package: framed 2011/10/22 v 0.96: framed or shaded text with page breaks
\OuterFrameSep=\skip86
\fb@frw=\dimen170
\fb@frh=\dimen171
\FrameRule=\dimen172
\FrameSep=\dimen173
) (C:\Users\emiel\AppData\Local\Programs\MiKTeX\tex/latex/lineno\lineno.sty
Package: lineno 2005/11/02 line numbers on paragraphs v4.41
\linenopenalty=\count397
\output=\toks29
\linenoprevgraf=\count398
\linenumbersep=\dimen174
\linenumberwidth=\dimen175
\c@linenumber=\count399
\c@pagewiselinenumber=\count400
\c@LN@truepage=\count401
\c@internallinenumber=\count402
\c@internallinenumbers=\count403
\quotelinenumbersep=\dimen176
\bframerule=\dimen177
\bframesep=\dimen178
\bframebox=\box53
LaTeX Info: Redefining \\ on input line 3056.
) (C:\Users\emiel\AppData\Local\Programs\MiKTeX\tex/latex/t2\mathtext.sty
Package: mathtext 2018/04/13 v1.1 transparent text-and-math defs
LaTeX Info: Redefining \halign on input line 119.
) (C:\Users\emiel\AppData\Local\Programs\MiKTeX\tex/latex/preprint\balance.sty
Package: balance 1999/02/23 4.3 (PWD)
\oldvsize=\dimen179
) (C:\Users\emiel\AppData\Local\Programs\MiKTeX\tex/latex/colortbl\colortbl.sty
Package: colortbl 2020/01/04 v1.0e Color table columns (DPC)
 (C:\Users\emiel\AppData\Local\Programs\MiKTeX\tex/latex/graphics\color.sty
Package: color 2020/02/24 v1.2b Standard LaTeX Color (DPC)
 (C:\Users\emiel\AppData\Local\Programs\MiKTeX\tex/latex/graphics-cfg\color.cfg
File: color.cfg 2016/01/02 v1.6 sample color configuration
)
Package color Info: Driver file: pdftex.def on input line 147.
)
\everycr=\toks30
\minrowclearance=\skip87
) (C:\Users\emiel\AppData\Local\Programs\MiKTeX\tex/latex/fancyhdr\fancyhdr.sty
Package: fancyhdr 2019/01/31 v3.10 Extensive control of page headers and footers
\f@nch@headwidth=\skip88
\f@nch@O@elh=\skip89
\f@nch@O@erh=\skip90
\f@nch@O@olh=\skip91
\f@nch@O@orh=\skip92
\f@nch@O@elf=\skip93
\f@nch@O@erf=\skip94
\f@nch@O@olf=\skip95
\f@nch@O@orf=\skip96
) (C:\Users\emiel\AppData\Local\Programs\MiKTeX\tex/latex/epstopdf-pkg\epstopdf.sty
Package: epstopdf 2020-01-24 v2.11 Conversion with epstopdf on the fly (HO)
 (C:\Users\emiel\AppData\Local\Programs\MiKTeX\tex/latex/grfext\grfext.sty
Package: grfext 2019/12/03 v1.3 Manage graphics extensions (HO)
 (C:\Users\emiel\AppData\Local\Programs\MiKTeX\tex/generic/kvdefinekeys\kvdefinekeys.sty
Package: kvdefinekeys 2019-12-19 v1.6 Define keys (HO)
)) (C:\Users\emiel\AppData\Local\Programs\MiKTeX\tex/latex/epstopdf-pkg\epstopdf-base.sty
Package: epstopdf-base 2020-01-24 v2.11 Base part for package epstopdf
Package epstopdf-base Info: Redefining graphics rule for `.eps' on input line 485.
Package grfext Info: Graphics extension search list:
(grfext)             [.pdf,.png,.jpg,.mps,.jpeg,.jbig2,.jb2,.PDF,.PNG,.JPG,.JPEG,.JBIG2,.JB2,.eps]
(grfext)             \AppendGraphicsExtensions on input line 504.
)) (C:\Users\emiel\AppData\Local\Programs\MiKTeX\tex/latex/float\float.sty
Package: float 2001/11/08 v1.3d Float enhancements (AL)
\c@float@type=\count404
\float@exts=\toks31
\float@box=\box54
\@float@everytoks=\toks32
\@floatcapt=\box55
) (C:\Users\emiel\AppData\Local\Programs\MiKTeX\tex/latex/hyperref\hyperref.sty
Package: hyperref 2020-05-15 v7.00e Hypertext links for LaTeX
 (C:\Users\emiel\AppData\Local\Programs\MiKTeX\tex/generic/pdfescape\pdfescape.sty
Package: pdfescape 2019/12/09 v1.15 Implements pdfTeX's escape features (HO)
) (C:\Users\emiel\AppData\Local\Programs\MiKTeX\tex/latex/hycolor\hycolor.sty
Package: hycolor 2020-01-27 v1.10 Color options for hyperref/bookmark (HO)
) (C:\Users\emiel\AppData\Local\Programs\MiKTeX\tex/latex/letltxmacro\letltxmacro.sty
Package: letltxmacro 2019/12/03 v1.6 Let assignment for LaTeX macros (HO)
) (C:\Users\emiel\AppData\Local\Programs\MiKTeX\tex/latex/auxhook\auxhook.sty
Package: auxhook 2019-12-17 v1.6 Hooks for auxiliary files (HO)
)
\@linkdim=\dimen180
\Hy@linkcounter=\count405
\Hy@pagecounter=\count406
 (C:\Users\emiel\AppData\Local\Programs\MiKTeX\tex/latex/hyperref\pd1enc.def
File: pd1enc.def 2020-05-15 v7.00e Hyperref: PDFDocEncoding definition (HO)
Now handling font encoding PD1 ...
... no UTF-8 mapping file for font encoding PD1
\symPD1letters=\mathgroup7
) (C:\Users\emiel\AppData\Local\Programs\MiKTeX\tex/generic/intcalc\intcalc.sty
Package: intcalc 2019/12/15 v1.3 Expandable calculations with integers (HO)
) (C:\Users\emiel\AppData\Local\Programs\MiKTeX\tex/generic/etexcmds\etexcmds.sty
Package: etexcmds 2019/12/15 v1.7 Avoid name clashes with e-TeX commands (HO)
)
\Hy@SavedSpaceFactor=\count407
Package hyperref Info: Hyper figures OFF on input line 4464.
Package hyperref Info: Link nesting OFF on input line 4469.
Package hyperref Info: Hyper index ON on input line 4472.
Package hyperref Info: Plain pages OFF on input line 4479.
Package hyperref Info: Backreferencing OFF on input line 4484.
Package hyperref Info: Implicit mode ON; LaTeX internals redefined.
Package hyperref Info: Bookmarks ON on input line 4717.
\c@Hy@tempcnt=\count408
LaTeX Info: Redefining \url on input line 5076.
\XeTeXLinkMargin=\dimen181
 (C:\Users\emiel\AppData\Local\Programs\MiKTeX\tex/generic/bitset\bitset.sty
Package: bitset 2019/12/09 v1.3 Handle bit-vector datatype (HO)
 (C:\Users\emiel\AppData\Local\Programs\MiKTeX\tex/generic/bigintcalc\bigintcalc.sty
Package: bigintcalc 2019/12/15 v1.5 Expandable calculations on big integers (HO)
))
\Fld@menulength=\count409
\Field@Width=\dimen182
\Fld@charsize=\dimen183
Package hyperref Info: Hyper figures OFF on input line 6347.
Package hyperref Info: Link nesting OFF on input line 6352.
Package hyperref Info: Hyper index ON on input line 6355.
Package hyperref Info: backreferencing OFF on input line 6362.
Package hyperref Info: Link coloring OFF on input line 6367.
Package hyperref Info: Link coloring with OCG OFF on input line 6372.
Package hyperref Info: PDF/A mode OFF on input line 6377.
LaTeX Info: Redefining \ref on input line 6417.
LaTeX Info: Redefining \pageref on input line 6421.
 (C:\Users\emiel\AppData\Local\Programs\MiKTeX\tex/latex/base\atbegshi-ltx.sty
Package: atbegshi-ltx 2020/08/17 v1.0a Emulation of the original atbegshi package
with kernel methods
)
\Hy@abspage=\count410
\c@Item=\count411
\c@Hfootnote=\count412
)
Package hyperref Info: Driver (autodetected): hpdftex.
 (C:\Users\emiel\AppData\Local\Programs\MiKTeX\tex/latex/hyperref\hpdftex.def
File: hpdftex.def 2020-05-15 v7.00e Hyperref driver for pdfTeX
 (C:\Users\emiel\AppData\Local\Programs\MiKTeX\tex/latex/base\atveryend-ltx.sty
Package: atveryend-ltx 2020/08/19 v1.0a Emulation of the original atvery package
with kernel methods
)
\Fld@listcount=\count413
\c@bookmark@seq@number=\count414
 (C:\Users\emiel\AppData\Local\Programs\MiKTeX\tex/latex/rerunfilecheck\rerunfilecheck.sty
Package: rerunfilecheck 2019/12/05 v1.9 Rerun checks for auxiliary files (HO)
 (C:\Users\emiel\AppData\Local\Programs\MiKTeX\tex/generic/uniquecounter\uniquecounter.sty
Package: uniquecounter 2019/12/15 v1.4 Provide unlimited unique counter (HO)
)
Package uniquecounter Info: New unique counter `rerunfilecheck' on input line 286.
)
\Hy@SectionHShift=\skip97
) (C:\Users\emiel\AppData\Local\Programs\MiKTeX\tex/latex/booktabs\booktabs.sty
Package: booktabs 2020/01/12 v1.61803398 Publication quality tables
\heavyrulewidth=\dimen184
\lightrulewidth=\dimen185
\cmidrulewidth=\dimen186
\belowrulesep=\dimen187
\belowbottomsep=\dimen188
\aboverulesep=\dimen189
\abovetopsep=\dimen190
\cmidrulesep=\dimen191
\cmidrulekern=\dimen192
\defaultaddspace=\dimen193
\@cmidla=\count415
\@cmidlb=\count416
\@aboverulesep=\dimen194
\@belowrulesep=\dimen195
\@thisruleclass=\count417
\@lastruleclass=\count418
\@thisrulewidth=\dimen196
) (C:\Users\emiel\AppData\Local\Programs\MiKTeX\tex/latex/tools\tabularx.sty
Package: tabularx 2020/01/15 v2.11c `tabularx' package (DPC)
\TX@col@width=\dimen197
\TX@old@table=\dimen198
\TX@old@col=\dimen199
\TX@target=\dimen256
\TX@delta=\dimen257
\TX@cols=\count419
\TX@ftn=\toks33
) (C:\Users\emiel\AppData\Local\Programs\MiKTeX\tex/latex/anyfontsize\anyfontsize.sty
Package: anyfontsize 2007/11/22 anyfontsize.sty by pts
) (C:\Users\emiel\AppData\Local\Programs\MiKTeX\tex/latex/preprint\authblk.sty
Package: authblk 2001/02/27 1.3 (PWD)
\affilsep=\skip98
\@affilsep=\skip99
\c@Maxaffil=\count420
\c@authors=\count421
\c@affil=\count422
) (C:\Users\emiel\AppData\Local\Programs\MiKTeX\tex/latex/cleveref\cleveref.sty
Package: cleveref 2018/03/27 v0.21.4 Intelligent cross-referencing
Package cleveref Info: `hyperref' support loaded on input line 2370.
LaTeX Info: Redefining \cref on input line 2370.
LaTeX Info: Redefining \Cref on input line 2370.
LaTeX Info: Redefining \crefrange on input line 2370.
LaTeX Info: Redefining \Crefrange on input line 2370.
LaTeX Info: Redefining \cpageref on input line 2370.
LaTeX Info: Redefining \Cpageref on input line 2370.
LaTeX Info: Redefining \cpagerefrange on input line 2370.
LaTeX Info: Redefining \Cpagerefrange on input line 2370.
LaTeX Info: Redefining \labelcref on input line 2370.
LaTeX Info: Redefining \labelcpageref on input line 2370.
Package cleveref Info: `amsthm' support loaded on input line 3026.
) (C:\Users\emiel\AppData\Local\Programs\MiKTeX\tex/latex/siunitx\siunitx.sty
Package: siunitx 2020/02/25 v2.8b A comprehensive (SI) units package
 (C:\Users\emiel\AppData\Local\Programs\MiKTeX\tex/latex/l3packages/l3keys2e\l3keys2e.sty
Package: l3keys2e 2020-10-05 LaTeX2e option processing using LaTeX3 keys
)
\l__siunitx_tmp_box=\box56
\l__siunitx_tmp_dim=\dimen258
\l__siunitx_tmp_int=\count423
\l__siunitx_number_mantissa_length_int=\count424
\l__siunitx_number_uncert_length_int=\count425
\l__siunitx_round_int=\count426
\l__siunitx_process_decimal_int=\count427
\l__siunitx_process_uncertainty_int=\count428
\l__siunitx_process_fixed_int=\count429
\l__siunitx_process_integer_min_int=\count430
\l__siunitx_process_precision_int=\count431
\l__siunitx_group_min_int=\count432
\l__siunitx_angle_marker_box=\box57
\l__siunitx_angle_unit_box=\box58
\l__siunitx_angle_marker_dim=\dimen259
\l__siunitx_angle_unit_dim=\dimen260
\l__siunitx_unit_int=\count433
\l__siunitx_unit_denominator_int=\count434
\l__siunitx_unit_numerator_int=\count435
\l__siunitx_unit_prefix_int=\count436
\l__siunitx_unit_prefix_base_int=\count437
\l__siunitx_unit_prefix_gram_int=\count438
\l__siunitx_number_product_int=\count439
\c__siunitx_one_fill_skip=\skip100
\l__siunitx_table_unit_align_skip=\skip101
\l__siunitx_table_exponent_dim=\dimen261
\l__siunitx_table_integer_dim=\dimen262
\l__siunitx_table_mantissa_dim=\dimen263
\l__siunitx_table_marker_dim=\dimen264
\l__siunitx_table_result_dim=\dimen265
\l__siunitx_table_uncert_dim=\dimen266
\l__siunitx_table_fill_pre_dim=\dimen267
\l__siunitx_table_fill_post_dim=\dimen268
\l__siunitx_table_fill_mid_dim=\dimen269
\l__siunitx_table_pre_box=\box59
\l__siunitx_table_post_box=\box60
\l__siunitx_table_mantissa_box=\box61
\l__siunitx_table_result_box=\box62
\l__siunitx_table_number_align_skip=\skip102
\l__siunitx_table_text_align_skip=\skip103
 (C:\Users\emiel\AppData\Local\Programs\MiKTeX\tex/latex/translator\translator.sty
Package: translator 2020-08-03 v1.12c Easy translation of strings in LaTeX
)) (C:\Users\emiel\AppData\Local\Programs\MiKTeX\tex/latex/caption\caption.sty
Package: caption 2020/09/12 v3.5b Customizing captions (AR)
 (C:\Users\emiel\AppData\Local\Programs\MiKTeX\tex/latex/caption\caption3.sty
Package: caption3 2020/09/17 v2.1b caption3 kernel (AR)
\captionmargin=\dimen270
\captionmargin@=\dimen271
\captionwidth=\dimen272
\caption@tempdima=\dimen273
\caption@indent=\dimen274
\caption@parindent=\dimen275
\caption@hangindent=\dimen276
Package caption Info: Standard document class detected.
)
\c@caption@flags=\count440
\c@continuedfloat=\count441
Package caption Info: float package is loaded.
Package caption Info: hyperref package is loaded.
) (C:\Users\emiel\AppData\Local\Programs\MiKTeX\tex/latex/physics\physics.sty
Package: physics 
) (C:\Users\emiel\AppData\Local\Programs\MiKTeX\tex/latex/enumitem\enumitem.sty
Package: enumitem 2019/06/20 v3.9 Customized lists
\labelindent=\skip104
\enit@outerparindent=\dimen277
\enit@toks=\toks34
\enit@inbox=\box63
\enit@count@id=\count442
\enitdp@description=\count443
) (C:\Users\emiel\AppData\Local\Programs\MiKTeX\tex/generic/soul\soul.sty
Package: soul 2003/11/17 v2.4 letterspacing/underlining (mf)
\SOUL@word=\toks35
\SOUL@lasttoken=\toks36
\SOUL@cmds=\toks37
\SOUL@buffer=\toks38
\SOUL@token=\toks39
\SOUL@spaceskip=\skip105
\SOUL@ttwidth=\dimen278
\SOUL@uldp=\dimen279
\SOUL@ulht=\dimen280
) (C:\Users\emiel\AppData\Local\Programs\MiKTeX\tex/generic/genmisc\nth.sty
Package: nth 2002/02/27
) (C:\Users\emiel\AppData\Local\Programs\MiKTeX\tex/latex/algorithm2e\algorithm2e.sty
Package: algorithm2e 2017/07/18 v5.2 algorithms environments
\c@AlgoLine=\count444
\algocf@hangindent=\skip106
 (C:\Users\emiel\AppData\Local\Programs\MiKTeX\tex/latex/ifoddpage\ifoddpage.sty
Package: ifoddpage 2016/04/23 v1.1 Conditionals for odd/even page detection
\c@checkoddpage=\count445
) (C:\Users\emiel\AppData\Local\Programs\MiKTeX\tex/latex/tools\xspace.sty
Package: xspace 2014/10/28 v1.13 Space after command names (DPC,MH)
) (C:\Users\emiel\AppData\Local\Programs\MiKTeX\tex/latex/relsize\relsize.sty
Package: relsize 2013/03/29 ver 4.1
)
\skiptotal=\skip107
\skiplinenumber=\skip108
\skiprule=\skip109
\skiphlne=\skip110
\skiptext=\skip111
\skiplength=\skip112
\algomargin=\skip113
\skipalgocfslide=\skip114
\algowidth=\dimen281
\inoutsize=\dimen282
\inoutindent=\dimen283
\interspacetitleruled=\dimen284
\interspacealgoruled=\dimen285
\interspacetitleboxruled=\dimen286
\algocf@ruledwidth=\skip115
\algocf@inoutbox=\box64
\algocf@inputbox=\box65
\AlCapSkip=\skip116
\AlCapHSkip=\skip117
\algoskipindent=\skip118
\algocf@nlbox=\box66
\algocf@hangingbox=\box67
\algocf@untilbox=\box68
\algocf@skipuntil=\skip119
\algocf@capbox=\box69
\algocf@lcaptionbox=\skip120
\algoheightruledefault=\skip121
\algoheightrule=\skip122
\algotitleheightruledefault=\skip123
\algotitleheightrule=\skip124
\c@algocfline=\count446
\c@algocfproc=\count447
\c@algocf=\count448
\algocf@algoframe=\box70
\algocf@algobox=\box71
) (C:\Users\emiel\AppData\Local\Programs\MiKTeX\tex/latex/footmisc\footmisc.sty
Package: footmisc 2011/06/06 v5.5b a miscellany of footnote facilities
\FN@temptoken=\toks40
\footnotemargin=\dimen287
\c@pp@next@reset=\count449
Package footmisc Info: Declaring symbol style bringhurst on input line 855.
Package footmisc Info: Declaring symbol style chicago on input line 863.
Package footmisc Info: Declaring symbol style wiley on input line 872.
Package footmisc Info: Declaring symbol style lamport-robust on input line 883.
Package footmisc Info: Declaring symbol style lamport* on input line 903.
Package footmisc Info: Declaring symbol style lamport*-robust on input line 924.
) (C:\Users\emiel\AppData\Local\Programs\MiKTeX\tex/latex/cancel\cancel.sty
Package: cancel 2013/04/12 v2.2 Cancel math terms
) (C:\Users\emiel\AppData\Local\Programs\MiKTeX\tex/latex/optidef\optidef.sty
Package: optidef 2019/04/23 - version=3.1, Package for defining optimization problems
 (C:\Users\emiel\AppData\Local\Programs\MiKTeX\tex/latex/environ\environ.sty
Package: environ 2014/05/04 v0.3 A new way to define environments
 (C:\Users\emiel\AppData\Local\Programs\MiKTeX\tex/latex/trimspaces\trimspaces.sty
Package: trimspaces 2009/09/17 v1.1 Trim spaces around a token list
)) (C:\Users\emiel\AppData\Local\Programs\MiKTeX\tex/latex/xifthen\xifthen.sty
Package: xifthen 2015/11/05 v1.4.0 Extended ifthen features
 (C:\Users\emiel\AppData\Local\Programs\MiKTeX\tex/latex/ifmtarg\ifmtarg.sty
Package: ifmtarg 2018/04/16 v1.2b check for an empty argument
))
\widthInit=\skip125
) (C:\Users\emiel\AppData\Local\Programs\MiKTeX\tex/latex/multirow\multirow.sty
Package: multirow 2019/05/31 v2.5 Span multiple rows of a table
\multirow@colwidth=\skip126
\multirow@cntb=\count450
\multirow@dima=\skip127
\bigstrutjot=\dimen288
) (C:\Users\emiel\AppData\Local\Programs\MiKTeX\tex/latex/caption\subcaption.sty
Package: subcaption 2020/08/23 v1.3g Sub-captions (AR)
\c@subfigure=\count451
\c@subtable=\count452
) (C:\Users\emiel\AppData\Local\Programs\MiKTeX\tex/latex/tools\bm.sty
Package: bm 2019/07/24 v1.2d Bold Symbol Support (DPC/FMi)
\symboldoperators=\mathgroup8
\symboldletters=\mathgroup9
\symboldsymbols=\mathgroup10
\symboldlasy=\mathgroup11
LaTeX Font Info:    Redeclaring math alphabet \mathbf on input line 141.
LaTeX Info: Redefining \bm on input line 209.
) (C:\Users\emiel\AppData\Local\Programs\MiKTeX\tex/latex/xcolor\xcolor.sty
Package: xcolor 2016/05/11 v2.12 LaTeX color extensions (UK)
 (C:\Users\emiel\AppData\Local\Programs\MiKTeX\tex/latex/graphics-cfg\color.cfg
File: color.cfg 2016/01/02 v1.6 sample color configuration
)
Package xcolor Info: Driver file: pdftex.def on input line 225.
LaTeX Info: Redefining \color on input line 709.
Package xcolor Info: Model `cmy' substituted by `cmy0' on input line 1348.
Package xcolor Info: Model `hsb' substituted by `rgb' on input line 1352.
Package xcolor Info: Model `RGB' extended on input line 1364.
Package xcolor Info: Model `HTML' substituted by `rgb' on input line 1366.
Package xcolor Info: Model `Hsb' substituted by `hsb' on input line 1367.
Package xcolor Info: Model `tHsb' substituted by `hsb' on input line 1368.
Package xcolor Info: Model `HSB' substituted by `hsb' on input line 1369.
Package xcolor Info: Model `Gray' substituted by `gray' on input line 1370.
Package xcolor Info: Model `wave' substituted by `hsb' on input line 1371.
)
\@quotelevel=\count453
\@quotereset=\count454
 ("c:/Users\emiel\Documents\MSc Systems and Control\Core\Control Engineering\sc42095\tex\main.aux")
\openout1 = `main.aux'.

LaTeX Font Info:    Checking defaults for OML/cmm/m/it on input line 79.
LaTeX Font Info:    ... okay on input line 79.
LaTeX Font Info:    Checking defaults for OMS/cmsy/m/n on input line 79.
LaTeX Font Info:    ... okay on input line 79.
LaTeX Font Info:    Checking defaults for OT1/cmr/m/n on input line 79.
LaTeX Font Info:    ... okay on input line 79.
LaTeX Font Info:    Checking defaults for T1/cmr/m/n on input line 79.
LaTeX Font Info:    ... okay on input line 79.
LaTeX Font Info:    Checking defaults for TS1/cmr/m/n on input line 79.
LaTeX Font Info:    ... okay on input line 79.
LaTeX Font Info:    Checking defaults for OMX/cmex/m/n on input line 79.
LaTeX Font Info:    ... okay on input line 79.
LaTeX Font Info:    Checking defaults for U/cmr/m/n on input line 79.
LaTeX Font Info:    ... okay on input line 79.
LaTeX Font Info:    Checking defaults for PD1/pdf/m/n on input line 79.
LaTeX Font Info:    ... okay on input line 79.

*geometry* driver: auto-detecting
*geometry* detected driver: pdftex
*geometry* verbose mode - [ preamble ] result:
* driver: pdftex
* paper: <default>
* layout: <same size as paper>
* layoutoffset:(h,v)=(0.0pt,0.0pt)
* modes: 
* h-part:(L,W,R)=(72.26999pt, 469.75502pt, 72.26999pt)
* v-part:(T,H,B)=(72.26999pt, 650.43001pt, 72.26999pt)
* \paperwidth=614.295pt
* \paperheight=794.96999pt
* \textwidth=469.75502pt
* \textheight=650.43001pt
* \oddsidemargin=0.0pt
* \evensidemargin=0.0pt
* \topmargin=-37.0pt
* \headheight=12.0pt
* \headsep=25.0pt
* \topskip=10.0pt
* \footskip=30.0pt
* \marginparwidth=65.0pt
* \marginparsep=11.0pt
* \columnsep=10.0pt
* \skip\footins=9.0pt plus 4.0pt minus 2.0pt
* \hoffset=0.0pt
* \voffset=0.0pt
* \mag=1000
* \@twocolumnfalse
* \@twosidefalse
* \@mparswitchfalse
* \@reversemarginfalse
* (1in=72.27pt=25.4mm, 1cm=28.453pt)

Package biblatex Info: Trying to load language 'english'...
Package biblatex Info: ... file 'english.lbx' found.
(C:\Users\emiel\AppData\Local\Programs\MiKTeX\tex/latex/biblatex/lbx\english.lbx
File: english.lbx 2020/08/23 v3.15a biblatex localization (PK/MW)
)
Package biblatex Info: Input encoding 'utf8' detected.
Package biblatex Info: Automatic encoding selection.
(biblatex)             Assuming data encoding 'utf8'.
\openout3 = `main.bcf'.

Package biblatex Info: Trying to load bibliographic data...
Package biblatex Info: ... file 'main.bbl' found.
 ("c:/Users\emiel\Documents\MSc Systems and Control\Core\Control Engineering\sc42095\tex\main.bbl")
Package biblatex Info: Reference section=0 on input line 79.
Package biblatex Info: Reference segment=0 on input line 79.
 (C:\Users\emiel\AppData\Local\Programs\MiKTeX\tex/context/base/mkii\supp-pdf.mkii
[Loading MPS to PDF converter (version 2006.09.02).]
\scratchcounter=\count455
\scratchdimen=\dimen289
\scratchbox=\box72
\nofMPsegments=\count456
\nofMParguments=\count457
\everyMPshowfont=\toks41
\MPscratchCnt=\count458
\MPscratchDim=\dimen290
\MPnumerator=\count459
\makeMPintoPDFobject=\count460
\everyMPtoPDFconversion=\toks42
)
Package hyperref Info: Link coloring OFF on input line 79.
 (C:\Users\emiel\AppData\Local\Programs\MiKTeX\tex/latex/hyperref\nameref.sty
Package: nameref 2019/09/16 v2.46 Cross-referencing by name of section
 (C:\Users\emiel\AppData\Local\Programs\MiKTeX\tex/latex/refcount\refcount.sty
Package: refcount 2019/12/15 v3.6 Data extraction from label references (HO)
) (C:\Users\emiel\AppData\Local\Programs\MiKTeX\tex/generic/gettitlestring\gettitlestring.sty
Package: gettitlestring 2019/12/15 v1.6 Cleanup title references (HO)
)
\c@section@level=\count461
)
LaTeX Info: Redefining \ref on input line 79.
LaTeX Info: Redefining \pageref on input line 79.
LaTeX Info: Redefining \nameref on input line 79.
 ("c:/Users\emiel\Documents\MSc Systems and Control\Core\Control Engineering\sc42095\tex\main.out") ("c:/Users\emiel\Documents\MSc Systems and Control\Core\Control Engineering\sc42095\tex\main.out")
\@outlinefile=\write5
\openout5 = `main.out'.

 (C:\Users\emiel\AppData\Local\Programs\MiKTeX\tex/latex/siunitx\siunitx-abbreviations.cfg
File: siunitx-abbreviations.cfg 2017/11/26 v2.7k siunitx: Abbreviated units
) (C:\Users\emiel\AppData\Local\Programs\MiKTeX\tex/latex/translator\translator-basic-dictionary-English.dict
Dictionary: translator-basic-dictionary, Language: English 
)
Package caption Info: Begin \AtBeginDocument code.
Package caption Info: End \AtBeginDocument code.
LaTeX Font Info:    Trying to load font information for U+msa on input line 79.
 (C:\Users\emiel\AppData\Local\Programs\MiKTeX\tex/latex/amsfonts\umsa.fd
File: umsa.fd 2013/01/14 v3.01 AMS symbols A
)
LaTeX Font Info:    Trying to load font information for U+msb on input line 79.
 (C:\Users\emiel\AppData\Local\Programs\MiKTeX\tex/latex/amsfonts\umsb.fd
File: umsb.fd 2013/01/14 v3.01 AMS symbols B
)
LaTeX Font Info:    Trying to load font information for U+lasy on input line 79.
 (C:\Users\emiel\AppData\Local\Programs\MiKTeX\tex/latex/base\ulasy.fd
File: ulasy.fd 1998/08/17 v2.2e LaTeX symbol font definitions
)
LaTeX Font Info:    Trying to load font information for PD1+cmr on input line 79.
LaTeX Font Info:    No file PD1cmr.fd. on input line 79.


LaTeX Font Warning: Font shape `PD1/cmr/m/up' undefined
(Font)              using `PD1/pdf/m/n' instead on input line 79.

LaTeX Font Info:    Font shape `U/lasy/b/n' in size <7> not available
(Font)              Font shape `U/lasy/m/n' tried instead on input line 79.
LaTeX Font Info:    Font shape `U/lasy/b/n' in size <5> not available
(Font)              Font shape `U/lasy/m/n' tried instead on input line 79.
LaTeX Font Info:    Font shape `U/lasy/b/n' in size <8> not available
(Font)              Font shape `U/lasy/m/n' tried instead on input line 93.
LaTeX Font Info:    Font shape `U/lasy/b/n' in size <6> not available
(Font)              Font shape `U/lasy/m/n' tried instead on input line 93.
[1
Non-PDF special ignored!
<special> header=psfrag.pro

{C:/Users/emiel/AppData/Local/MiKTeX/pdftex/config/pdftex.map}] ("c:/Users\emiel\Documents\MSc Systems and Control\Core\Control Engineering\sc42095\tex\main.toc")
\tf@toc=\write6
\openout6 = `main.toc'.

 [1

] ("c:/Users\emiel\Documents\MSc Systems and Control\Core\Control Engineering\sc42095\tex\introduction.tex")pdfTeX warning (ext4): destination with the same identifier (name{page.1}) has been already used, duplicate ignored
<to be read again> 
                   \relax 
l.117 \clearpage
                 [1


] ("c:/Users\emiel\Documents\MSc Systems and Control\Core\Control Engineering\sc42095\tex\continous.tex"
Package epstopdf Info: Source file: <media/q1/cont_plant_pzmap.eps>
(epstopdf)                    date: 2020-12-26 22:04:33
(epstopdf)                    size: 94889 bytes
(epstopdf)             Output file: <media/q1/cont_plant_pzmap-eps-converted-to.pdf>
(epstopdf)                    date: 2020-12-26 22:04:43
(epstopdf)                    size: 40132 bytes
(epstopdf)             Command: <epstopdf --outfile=media/q1/cont_plant_pzmap-eps-converted-to.pdf media/q1/cont_plant_pzmap.eps>
(epstopdf)             \includegraphics on input line 11.
Package epstopdf Info: Output file is already uptodate.


pdfTeX warning: pdflatex (file c:/Users/emiel/Documents/MSc Systems and Control/Core/Control Engineering/sc42095/tex/media/q1/cont_plant_pzmap-eps-converted-to.pdf): PDF inclusion: found PDF version <1.7>, but at most version <1.5> allowed
<media/q1/cont_plant_pzmap-eps-converted-to.pdf, id=110, 301.125pt x 244.915pt>
File: media/q1/cont_plant_pzmap-eps-converted-to.pdf Graphic file (type pdf)
<use media/q1/cont_plant_pzmap-eps-converted-to.pdf>
Package pdftex.def Info: media/q1/cont_plant_pzmap-eps-converted-to.pdf  used on input line 11.
(pdftex.def)             Requested size: 301.12425pt x 244.91438pt.
Package epstopdf Info: Source file: <media/q1/cont_plant_bode.eps>
(epstopdf)                    date: 2020-12-26 22:04:34
(epstopdf)                    size: 110187 bytes
(epstopdf)             Output file: <media/q1/cont_plant_bode-eps-converted-to.pdf>
(epstopdf)                    date: 2020-12-26 22:04:45
(epstopdf)                    size: 50391 bytes
(epstopdf)             Command: <epstopdf --outfile=media/q1/cont_plant_bode-eps-converted-to.pdf media/q1/cont_plant_bode.eps>
(epstopdf)             \includegraphics on input line 24.
Package epstopdf Info: Output file is already uptodate.


pdfTeX warning: pdflatex (file c:/Users/emiel/Documents/MSc Systems and Control/Core/Control Engineering/sc42095/tex/media/q1/cont_plant_bode-eps-converted-to.pdf): PDF inclusion: found PDF version <1.7>, but at most version <1.5> allowed
<media/q1/cont_plant_bode-eps-converted-to.pdf, id=113, 380.42125pt x 275.0275pt>
File: media/q1/cont_plant_bode-eps-converted-to.pdf Graphic file (type pdf)
<use media/q1/cont_plant_bode-eps-converted-to.pdf>
Package pdftex.def Info: media/q1/cont_plant_bode-eps-converted-to.pdf  used on input line 24.
(pdftex.def)             Requested size: 380.4203pt x 275.02682pt.
[2

 <c:/Users/emiel/Documents/MSc Systems and Control/Core/Control Engineering/sc42095/tex/media/q1/cont_plant_pzmap-eps-converted-to.pdf>] [3 <c:/Users/emiel/Documents/MSc Systems and Control/Core/Control Engineering/sc42095/tex/media/q1/cont_plant_bode-eps-converted-to.pdf>]
Package epstopdf Info: Source file: <media/q1/pd_controllers_step.eps>
(epstopdf)                    date: 2020-12-27 22:09:24
(epstopdf)                    size: 96259 bytes
(epstopdf)             Output file: <media/q1/pd_controllers_step-eps-converted-to.pdf>
(epstopdf)                    date: 2020-12-27 22:09:34
(epstopdf)                    size: 46056 bytes
(epstopdf)             Command: <epstopdf --outfile=media/q1/pd_controllers_step-eps-converted-to.pdf media/q1/pd_controllers_step.eps>
(epstopdf)             \includegraphics on input line 86.
Package epstopdf Info: Output file is already uptodate.


pdfTeX warning: pdflatex (file c:/Users/emiel/Documents/MSc Systems and Control/Core/Control Engineering/sc42095/tex/media/q1/pd_controllers_step-eps-converted-to.pdf): PDF inclusion: found PDF version <1.7>, but at most version <1.5> allowed
<media/q1/pd_controllers_step-eps-converted-to.pdf, id=153, 360.34625pt x 254.9525pt>
File: media/q1/pd_controllers_step-eps-converted-to.pdf Graphic file (type pdf)
<use media/q1/pd_controllers_step-eps-converted-to.pdf>
Package pdftex.def Info: media/q1/pd_controllers_step-eps-converted-to.pdf  used on input line 86.
(pdftex.def)             Requested size: 360.34537pt x 254.95186pt.
Package epstopdf Info: Source file: <media/q1/pd_controllers_bode.eps>
(epstopdf)                    date: 2020-12-27 22:09:24
(epstopdf)                    size: 200524 bytes
(epstopdf)             Output file: <media/q1/pd_controllers_bode-eps-converted-to.pdf>
(epstopdf)                    date: 2020-12-27 22:09:36
(epstopdf)                    size: 88095 bytes
(epstopdf)             Command: <epstopdf --outfile=media/q1/pd_controllers_bode-eps-converted-to.pdf media/q1/pd_controllers_bode.eps>
(epstopdf)             \includegraphics on input line 100.
Package epstopdf Info: Output file is already uptodate.


pdfTeX warning: pdflatex (file c:/Users/emiel/Documents/MSc Systems and Control/Core/Control Engineering/sc42095/tex/media/q1/pd_controllers_bode-eps-converted-to.pdf): PDF inclusion: found PDF version <1.7>, but at most version <1.5> allowed
<media/q1/pd_controllers_bode-eps-converted-to.pdf, id=156, 380.42125pt x 360.34625pt>
File: media/q1/pd_controllers_bode-eps-converted-to.pdf Graphic file (type pdf)
<use media/q1/pd_controllers_bode-eps-converted-to.pdf>
Package pdftex.def Info: media/q1/pd_controllers_bode-eps-converted-to.pdf  used on input line 100.
(pdftex.def)             Requested size: 380.4203pt x 360.34537pt.
[4] [5 <c:/Users/emiel/Documents/MSc Systems and Control/Core/Control Engineering/sc42095/tex/media/q1/pd_controllers_step-eps-converted-to.pdf>] [6 <c:/Users/emiel/Documents/MSc Systems and Control/Core/Control Engineering/sc42095/tex/media/q1/pd_controllers_bode-eps-converted-to.pdf>]
Package epstopdf Info: Source file: <media/q2/pi_pm_comparison.eps>
(epstopdf)                    date: 2020-12-30 11:57:43
(epstopdf)                    size: 177676 bytes
(epstopdf)             Output file: <media/q2/pi_pm_comparison-eps-converted-to.pdf>
(epstopdf)                    date: 2020-12-30 11:57:56
(epstopdf)                    size: 91953 bytes
(epstopdf)             Command: <epstopdf --outfile=media/q2/pi_pm_comparison-eps-converted-to.pdf media/q2/pi_pm_comparison.eps>
(epstopdf)             \includegraphics on input line 160.
Package epstopdf Info: Output file is already uptodate.


pdfTeX warning: pdflatex (file c:/Users/emiel/Documents/MSc Systems and Control/Core/Control Engineering/sc42095/tex/media/q2/pi_pm_comparison-eps-converted-to.pdf): PDF inclusion: found PDF version <1.7>, but at most version <1.5> allowed
<media/q2/pi_pm_comparison-eps-converted-to.pdf, id=194, 386.44376pt x 276.03125pt>
File: media/q2/pi_pm_comparison-eps-converted-to.pdf Graphic file (type pdf)
<use media/q2/pi_pm_comparison-eps-converted-to.pdf>
Package pdftex.def Info: media/q2/pi_pm_comparison-eps-converted-to.pdf  used on input line 160.
(pdftex.def)             Requested size: 386.44281pt x 276.03056pt.
[7]
Package epstopdf Info: Source file: <media/q2/pidd_response.eps>
(epstopdf)                    date: 2020-12-30 00:52:09
(epstopdf)                    size: 76039 bytes
(epstopdf)             Output file: <media/q2/pidd_response-eps-converted-to.pdf>
(epstopdf)                    date: 2020-12-30 00:52:20
(epstopdf)                    size: 34544 bytes
(epstopdf)             Command: <epstopdf --outfile=media/q2/pidd_response-eps-converted-to.pdf media/q2/pidd_response.eps>
(epstopdf)             \includegraphics on input line 185.
Package epstopdf Info: Output file is already uptodate.


pdfTeX warning: pdflatex (file c:/Users/emiel/Documents/MSc Systems and Control/Core/Control Engineering/sc42095/tex/media/q2/pidd_response-eps-converted-to.pdf): PDF inclusion: found PDF version <1.7>, but at most version <1.5> allowed
<media/q2/pidd_response-eps-converted-to.pdf, id=209, 363.3575pt x 160.6pt>
File: media/q2/pidd_response-eps-converted-to.pdf Graphic file (type pdf)
<use media/q2/pidd_response-eps-converted-to.pdf>
Package pdftex.def Info: media/q2/pidd_response-eps-converted-to.pdf  used on input line 185.
(pdftex.def)             Requested size: 363.3566pt x 160.5996pt.
Package epstopdf Info: Source file: <media/q2/pi_bode_comparison.eps>
(epstopdf)                    date: 2020-12-30 00:52:08
(epstopdf)                    size: 150112 bytes
(epstopdf)             Output file: <media/q2/pi_bode_comparison-eps-converted-to.pdf>
(epstopdf)                    date: 2020-12-30 00:52:18
(epstopdf)                    size: 62343 bytes
(epstopdf)             Command: <epstopdf --outfile=media/q2/pi_bode_comparison-eps-converted-to.pdf media/q2/pi_bode_comparison.eps>
(epstopdf)             \includegraphics on input line 191.
Package epstopdf Info: Output file is already uptodate.


pdfTeX warning: pdflatex (file c:/Users/emiel/Documents/MSc Systems and Control/Core/Control Engineering/sc42095/tex/media/q2/pi_bode_comparison-eps-converted-to.pdf): PDF inclusion: found PDF version <1.7>, but at most version <1.5> allowed
<media/q2/pi_bode_comparison-eps-converted-to.pdf, id=210, 380.42125pt x 275.0275pt>
File: media/q2/pi_bode_comparison-eps-converted-to.pdf Graphic file (type pdf)
<use media/q2/pi_bode_comparison-eps-converted-to.pdf>
Package pdftex.def Info: media/q2/pi_bode_comparison-eps-converted-to.pdf  used on input line 191.
(pdftex.def)             Requested size: 380.4203pt x 275.02682pt.
) [8 <c:/Users/emiel/Documents/MSc Systems and Control/Core/Control Engineering/sc42095/tex/media/q2/pi_pm_comparison-eps-converted-to.pdf>] [9 <c:/Users/emiel/Documents/MSc Systems and Control/Core/Control Engineering/sc42095/tex/media/q2/pidd_response-eps-converted-to.pdf> <c:/Users/emiel/Documents/MSc Systems and Control/Core/Control Engineering/sc42095/tex/media/q2/pi_bode_comparison-eps-converted-to.pdf>] ("c:/Users\emiel\Documents\MSc Systems and Control\Core\Control Engineering\sc42095\tex\discretise.tex"
Package epstopdf Info: Source file: <media/q4/dt_tracking.eps>
(epstopdf)                    date: 2020-12-30 15:13:25
(epstopdf)                    size: 99215 bytes
(epstopdf)             Output file: <media/q4/dt_tracking-eps-converted-to.pdf>
(epstopdf)                    date: 2020-12-30 15:13:35
(epstopdf)                    size: 50264 bytes
(epstopdf)             Command: <epstopdf --outfile=media/q4/dt_tracking-eps-converted-to.pdf media/q4/dt_tracking.eps>
(epstopdf)             \includegraphics on input line 41.
Package epstopdf Info: Output file is already uptodate.


pdfTeX warning: pdflatex (file c:/Users/emiel/Documents/MSc Systems and Control/Core/Control Engineering/sc42095/tex/media/q4/dt_tracking-eps-converted-to.pdf): PDF inclusion: found PDF version <1.7>, but at most version <1.5> allowed
<media/q4/dt_tracking-eps-converted-to.pdf, id=233, 360.34625pt x 269.005pt>
File: media/q4/dt_tracking-eps-converted-to.pdf Graphic file (type pdf)
<use media/q4/dt_tracking-eps-converted-to.pdf>
Package pdftex.def Info: media/q4/dt_tracking-eps-converted-to.pdf  used on input line 41.
(pdftex.def)             Requested size: 360.34537pt x 269.00433pt.
[10

]
Package epstopdf Info: Source file: <media/q4/dt_distrej.eps>
(epstopdf)                    date: 2020-12-30 15:13:26
(epstopdf)                    size: 179322 bytes
(epstopdf)             Output file: <media/q4/dt_distrej-eps-converted-to.pdf>
(epstopdf)                    date: 2020-12-30 15:13:37
(epstopdf)                    size: 67564 bytes
(epstopdf)             Command: <epstopdf --outfile=media/q4/dt_distrej-eps-converted-to.pdf media/q4/dt_distrej.eps>
(epstopdf)             \includegraphics on input line 50.
Package epstopdf Info: Output file is already uptodate.


pdfTeX warning: pdflatex (file c:/Users/emiel/Documents/MSc Systems and Control/Core/Control Engineering/sc42095/tex/media/q4/dt_distrej-eps-converted-to.pdf): PDF inclusion: found PDF version <1.7>, but at most version <1.5> allowed
<media/q4/dt_distrej-eps-converted-to.pdf, id=244, 352.31625pt x 268.00125pt>
File: media/q4/dt_distrej-eps-converted-to.pdf Graphic file (type pdf)
<use media/q4/dt_distrej-eps-converted-to.pdf>
Package pdftex.def Info: media/q4/dt_distrej-eps-converted-to.pdf  used on input line 50.
(pdftex.def)             Requested size: 352.31538pt x 268.00058pt.
) [11 <c:/Users/emiel/Documents/MSc Systems and Control/Core/Control Engineering/sc42095/tex/media/q4/dt_tracking-eps-converted-to.pdf>] [12 <c:/Users/emiel/Documents/MSc Systems and Control/Core/Control Engineering/sc42095/tex/media/q4/dt_distrej-eps-converted-to.pdf>] ("c:/Users\emiel\Documents\MSc Systems and Control\Core\Control Engineering\sc42095\tex\statespace.tex"
Package epstopdf Info: Source file: <media/q5/block_statefeedback-01.eps>
(epstopdf)                    date: 2020-12-30 17:14:34
(epstopdf)                    size: 1259194 bytes
(epstopdf)             Output file: <media/q5/block_statefeedback-01-eps-converted-to.pdf>
(epstopdf)                    date: 2020-12-30 20:29:40
(epstopdf)                    size: 14626 bytes
(epstopdf)             Command: <epstopdf --outfile=media/q5/block_statefeedback-01-eps-converted-to.pdf media/q5/block_statefeedback-01.eps>
(epstopdf)             \includegraphics on input line 8.
Package epstopdf Info: Output file is already uptodate.


pdfTeX warning: pdflatex (file c:/Users/emiel/Documents/MSc Systems and Control/Core/Control Engineering/sc42095/tex/media/q5/block_statefeedback-01-eps-converted-to.pdf): PDF inclusion: found PDF version <1.7>, but at most version <1.5> allowed
<media/q5/block_statefeedback-01-eps-converted-to.pdf, id=265, 337.26pt x 136.51pt>
File: media/q5/block_statefeedback-01-eps-converted-to.pdf Graphic file (type pdf)
<use media/q5/block_statefeedback-01-eps-converted-to.pdf>
Package pdftex.def Info: media/q5/block_statefeedback-01-eps-converted-to.pdf  used on input line 8.
(pdftex.def)             Requested size: 370.98714pt x 150.16145pt.
[13

 <c:/Users/emiel/Documents/MSc Systems and Control/Core/Control Engineering/sc42095/tex/media/q5/block_statefeedback-01-eps-converted-to.pdf>]
Package epstopdf Info: Source file: <media/q5/dt_step.eps>
(epstopdf)                    date: 2020-12-30 22:40:17
(epstopdf)                    size: 150008 bytes
(epstopdf)             Output file: <media/q5/dt_step-eps-converted-to.pdf>
(epstopdf)                    date: 2020-12-30 22:40:30
(epstopdf)                    size: 69649 bytes
(epstopdf)             Command: <epstopdf --outfile=media/q5/dt_step-eps-converted-to.pdf media/q5/dt_step.eps>
(epstopdf)             \includegraphics on input line 37.
Package epstopdf Info: Output file is already uptodate.


pdfTeX warning: pdflatex (file c:/Users/emiel/Documents/MSc Systems and Control/Core/Control Engineering/sc42095/tex/media/q5/dt_step-eps-converted-to.pdf): PDF inclusion: found PDF version <1.7>, but at most version <1.5> allowed
<media/q5/dt_step-eps-converted-to.pdf, id=292, 380.42125pt x 269.005pt>
File: media/q5/dt_step-eps-converted-to.pdf Graphic file (type pdf)
<use media/q5/dt_step-eps-converted-to.pdf>
Package pdftex.def Info: media/q5/dt_step-eps-converted-to.pdf  used on input line 37.
(pdftex.def)             Requested size: 380.4203pt x 269.00433pt.
Package epstopdf Info: Source file: <media/q5/dt_pzmap.eps>
(epstopdf)                    date: 2020-12-30 22:40:18
(epstopdf)                    size: 56075 bytes
(epstopdf)             Output file: <media/q5/dt_pzmap-eps-converted-to.pdf>
(epstopdf)                    date: 2020-12-30 22:40:32
(epstopdf)                    size: 24286 bytes
(epstopdf)             Command: <epstopdf --outfile=media/q5/dt_pzmap-eps-converted-to.pdf media/q5/dt_pzmap.eps>
(epstopdf)             \includegraphics on input line 44.
Package epstopdf Info: Output file is already uptodate.


pdfTeX warning: pdflatex (file c:/Users/emiel/Documents/MSc Systems and Control/Core/Control Engineering/sc42095/tex/media/q5/dt_pzmap-eps-converted-to.pdf): PDF inclusion: found PDF version <1.7>, but at most version <1.5> allowed
<media/q5/dt_pzmap-eps-converted-to.pdf, id=295, 229.85875pt x 244.915pt>
File: media/q5/dt_pzmap-eps-converted-to.pdf Graphic file (type pdf)
<use media/q5/dt_pzmap-eps-converted-to.pdf>
Package pdftex.def Info: media/q5/dt_pzmap-eps-converted-to.pdf  used on input line 44.
(pdftex.def)             Requested size: 229.85817pt x 244.91438pt.
[14 <c:/Users/emiel/Documents/MSc Systems and Control/Core/Control Engineering/sc42095/tex/media/q5/dt_step-eps-converted-to.pdf>]
Package epstopdf Info: Source file: <media/q6/block_outputfeedback-02.eps>
(epstopdf)                    date: 2020-12-30 20:25:15
(epstopdf)                    size: 1941022 bytes
(epstopdf)             Output file: <media/q6/block_outputfeedback-02-eps-converted-to.pdf>
(epstopdf)                    date: 2020-12-30 20:29:44
(epstopdf)                    size: 23362 bytes
(epstopdf)             Command: <epstopdf --outfile=media/q6/block_outputfeedback-02-eps-converted-to.pdf media/q6/block_outputfeedback-02.eps>
(epstopdf)             \includegraphics on input line 55.
Package epstopdf Info: Output file is already uptodate.


pdfTeX warning: pdflatex (file c:/Users/emiel/Documents/MSc Systems and Control/Core/Control Engineering/sc42095/tex/media/q6/block_outputfeedback-02-eps-converted-to.pdf): PDF inclusion: found PDF version <1.7>, but at most version <1.5> allowed
<media/q6/block_outputfeedback-02-eps-converted-to.pdf, id=304, 337.26pt x 198.7425pt>
File: media/q6/block_outputfeedback-02-eps-converted-to.pdf Graphic file (type pdf)
<use media/q6/block_outputfeedback-02-eps-converted-to.pdf>
Package pdftex.def Info: media/q6/block_outputfeedback-02-eps-converted-to.pdf  used on input line 55.
(pdftex.def)             Requested size: 438.43794pt x 258.3652pt.
[15 <c:/Users/emiel/Documents/MSc Systems and Control/Core/Control Engineering/sc42095/tex/media/q5/dt_pzmap-eps-converted-to.pdf>]
Package epstopdf Info: Source file: <media/q6/output_servo.eps>
(epstopdf)                    date: 2020-12-31 00:49:43
(epstopdf)                    size: 127532 bytes
(epstopdf)             Output file: <media/q6/output_servo-eps-converted-to.pdf>
(epstopdf)                    date: 2020-12-31 00:49:53
(epstopdf)                    size: 62456 bytes
(epstopdf)             Command: <epstopdf --outfile=media/q6/output_servo-eps-converted-to.pdf media/q6/output_servo.eps>
(epstopdf)             \includegraphics on input line 78.
Package epstopdf Info: Output file is already uptodate.


pdfTeX warning: pdflatex (file c:/Users/emiel/Documents/MSc Systems and Control/Core/Control Engineering/sc42095/tex/media/q6/output_servo-eps-converted-to.pdf): PDF inclusion: found PDF version <1.7>, but at most version <1.5> allowed
<media/q6/output_servo-eps-converted-to.pdf, id=320, 379.4175pt x 275.0275pt>
File: media/q6/output_servo-eps-converted-to.pdf Graphic file (type pdf)
<use media/q6/output_servo-eps-converted-to.pdf>
Package pdftex.def Info: media/q6/output_servo-eps-converted-to.pdf  used on input line 78.
(pdftex.def)             Requested size: 379.41656pt x 275.02682pt.

LaTeX Warning: `!h' float specifier changed to `!ht'.

Package epstopdf Info: Source file: <media/q6/block_distrej-03.eps>
(epstopdf)                    date: 2020-12-30 20:25:37
(epstopdf)                    size: 1946294 bytes
(epstopdf)             Output file: <media/q6/block_distrej-03-eps-converted-to.pdf>
(epstopdf)                    date: 2020-12-30 20:29:48
(epstopdf)                    size: 23791 bytes
(epstopdf)             Command: <epstopdf --outfile=media/q6/block_distrej-03-eps-converted-to.pdf media/q6/block_distrej-03.eps>
(epstopdf)             \includegraphics on input line 87.
Package epstopdf Info: Output file is already uptodate.


pdfTeX warning: pdflatex (file c:/Users/emiel/Documents/MSc Systems and Control/Core/Control Engineering/sc42095/tex/media/q6/block_distrej-03-eps-converted-to.pdf): PDF inclusion: found PDF version <1.7>, but at most version <1.5> allowed
<media/q6/block_distrej-03-eps-converted-to.pdf, id=321, 337.26pt x 195.73125pt>
File: media/q6/block_distrej-03-eps-converted-to.pdf Graphic file (type pdf)
<use media/q6/block_distrej-03-eps-converted-to.pdf>
Package pdftex.def Info: media/q6/block_distrej-03-eps-converted-to.pdf  used on input line 87.
(pdftex.def)             Requested size: 438.43794pt x 254.45058pt.

LaTeX Warning: `!h' float specifier changed to `!ht'.

) [16 <c:/Users/emiel/Documents/MSc Systems and Control/Core/Control Engineering/sc42095/tex/media/q6/block_outputfeedback-02-eps-converted-to.pdf>] [17 <c:/Users/emiel/Documents/MSc Systems and Control/Core/Control Engineering/sc42095/tex/media/q6/output_servo-eps-converted-to.pdf> <c:/Users/emiel/Documents/MSc Systems and Control/Core/Control Engineering/sc42095/tex/media/q6/block_distrej-03-eps-converted-to.pdf>] ("c:/Users\emiel\Documents\MSc Systems and Control\Core\Control Engineering\sc42095\tex\retune.tex") [18

] [19

] ("c:/Users\emiel\Documents\MSc Systems and Control\Core\Control Engineering\sc42095\tex\main.aux")
Package rerunfilecheck Info: File `main.out' has not changed.
(rerunfilecheck)             Checksum: 8993438CF62C05D5B43105C4CFDB00CF;1250.


LaTeX Font Warning: Some font shapes were not available, defaults substituted.

Package logreq Info: Writing requests to 'main.run.xml'.
\openout1 = `main.run.xml'.

 ) 
Here is how much of TeX's memory you used:
 24130 strings out of 480236
 454783 string characters out of 2880557
 1266611 words of memory out of 3000000
 40156 multiletter control sequences out of 15000+200000
 556299 words of font info for 111 fonts, out of 3000000 for 9000
 1141 hyphenation exceptions out of 8191
 60i,17n,67p,1585b,1571s stack positions out of 5000i,500n,10000p,200000b,50000s
pdfTeX warning (dest): name{Hfootnote.2} has been referenced but does not exist, replaced by a fixed one

pdfTeX warning (dest): name{Hfootnote.1} has been referenced but does not exist, replaced by a fixed one

 <C:\Users\emiel\AppData\Local\MiKTeX\fonts/pk/ljfour/jknappen/ec/dpi600\tcrm0600.pk> <C:\Users\emiel\AppData\Local\MiKTeX\fonts/pk/ljfour/jknappen/ec/dpi600\tcrm1000.pk><C:/Users/emiel/AppData/Local/Programs/MiKTeX/fonts/type1/public/amsfonts/cm/cmbx10.pfb><C:/Users/emiel/AppData/Local/Programs/MiKTeX/fonts/type1/public/amsfonts/cm/cmbx12.pfb><C:/Users/emiel/AppData/Local/Programs/MiKTeX/fonts/type1/public/amsfonts/cm/cmcsc10.pfb><C:/Users/emiel/AppData/Local/Programs/MiKTeX/fonts/type1/public/amsfonts/cm/cmex10.pfb><C:/Users/emiel/AppData/Local/Programs/MiKTeX/fonts/type1/public/amsfonts/cm/cmmi10.pfb><C:/Users/emiel/AppData/Local/Programs/MiKTeX/fonts/type1/public/amsfonts/cm/cmmi7.pfb><C:/Users/emiel/AppData/Local/Programs/MiKTeX/fonts/type1/public/amsfonts/cm/cmr10.pfb><C:/Users/emiel/AppData/Local/Programs/MiKTeX/fonts/type1/public/amsfonts/cm/cmr12.pfb><C:/Users/emiel/AppData/Local/Programs/MiKTeX/fonts/type1/public/amsfonts/cm/cmr5.pfb><C:/Users/emiel/AppData/Local/Programs/MiKTeX/fonts/type1/public/amsfonts/cm/cmr6.pfb><C:/Users/emiel/AppData/Local/Programs/MiKTeX/fonts/type1/public/amsfonts/cm/cmr7.pfb><C:/Users/emiel/AppData/Local/Programs/MiKTeX/fonts/type1/public/amsfonts/cm/cmr8.pfb><C:/Users/emiel/AppData/Local/Programs/MiKTeX/fonts/type1/public/amsfonts/cm/cmsy10.pfb><C:/Users/emiel/AppData/Local/Programs/MiKTeX/fonts/type1/public/amsfonts/cm/cmsy7.pfb><C:/Users/emiel/AppData/Local/Programs/MiKTeX/fonts/type1/public/amsfonts/cm/cmti10.pfb><C:/Users/emiel/AppData/Local/Programs/MiKTeX/fonts/type1/public/amsfonts/cm/cmti12.pfb><C:/Users/emiel/AppData/Local/Programs/MiKTeX/fonts/type1/public/amsfonts/cm/cmtt10.pfb><C:/Users/emiel/AppData/Local/Programs/MiKTeX/fonts/type1/public/amsfonts/cm/cmtt8.pfb>
Output written on "c:/Users\emiel\Documents\MSc Systems and Control\Core\Control Engineering\sc42095\tex\main.pdf" (21 pages, 1017921 bytes).
PDF statistics:
 456 PDF objects out of 1000 (max. 8388607)
 86 named destinations out of 1000 (max. 500000)
 204 words of extra memory for PDF output out of 10000 (max. 10000000)

